Read in 4 lines averaging 966.5 chars/line
Time to read full file to Memory: 0.170000
0-1: lines submitted to LCS
1-2: lines submitted to LCS
2-3: lines submitted to LCS
Time find all Substrings: 69.405000
DATA, 2, (null), 69.576000, 1000, 4
Read in 4 lines averaging 966.5 chars/line
Time to read full file to Memory: 0.156000
0-1: lines submitted to LCS
1-2: lines submitted to LCS
2-3: lines submitted to LCS
Time find all Substrings: 67.392000
DATA, 2, (null), 67.550000, 1000, 4
Read in 4 lines averaging 966.5 chars/line
Time to read full file to Memory: 0.156000
0-1: lines submitted to LCS
1-2: lines submitted to LCS
2-3: lines submitted to LCS
Time find all Substrings: 66.792000
DATA, 2, (null), 66.949000, 1000, 4
Read in 4 lines averaging 966.5 chars/line
Time to read full file to Memory: 0.157000
0-1: lines submitted to LCS
1-2: lines submitted to LCS
2-3: lines submitted to LCS
Time find all Substrings: 62.235000
DATA, 2, (null), 62.393000, 1000, 4
Read in 4 lines averaging 966.5 chars/line
Time to read full file to Memory: 0.165000
0-1: lines submitted to LCS
1-2: lines submitted to LCS
2-3: lines submitted to LCS
Time find all Substrings: 1706.156000
DATA, 2, (null), 1706.323000, 1000, 4
Read in 4 lines averaging 966.5 chars/line
Time to read full file to Memory: 0.166000
0-1: lines submitted to LCS
1-2: lines submitted to LCS
2-3: lines submitted to LCS
Time find all Substrings: 583.416000
DATA, 2, (null), 583.583000, 1000, 4
Read in 4 lines averaging 966.5 chars/line
Time to read full file to Memory: 0.147000
0-1: lines submitted to LCS
1-2: lines submitted to LCS
2-3: lines submitted to LCS
Time find all Substrings: 75.844000
DATA, 2, (null), 75.993000, 1000, 4
Read in 4 lines averaging 966.5 chars/line
Time to read full file to Memory: 0.151000
0-1: lines submitted to LCS
1-2: lines submitted to LCS
2-3: lines submitted to LCS
Time find all Substrings: 157.759000
DATA, 2, (null), 157.911000, 1000, 4
Read in 4 lines averaging 966.5 chars/line
Time to read full file to Memory: 0.152000
0-1: lines submitted to LCS
1-2: lines submitted to LCS
2-3: lines submitted to LCS
Time find all Substrings: 436.875000
DATA, 2, (null), 437.028000, 1000, 4
Read in 4 lines averaging 966.5 chars/line
Time to read full file to Memory: 0.162000
0-1: lines submitted to LCS
1-2: lines submitted to LCS
2-3: lines submitted to LCS
Time find all Substrings: 193.128000
DATA, 2, (null), 193.291000, 1000, 4
