Read in 4 lines averaging 966.5 chars/line
Time to read full file to Memory: 0.117000
0-1: lines submitted to LCS
1-2: lines submitted to LCS
2-3: lines submitted to LCS
Time find all Substrings: 301.998000
DATA, 2, (null), 302.116000, 10000, 4
Read in 4 lines averaging 966.5 chars/line
Time to read full file to Memory: 0.121000
0-1: lines submitted to LCS
1-2: lines submitted to LCS
2-3: lines submitted to LCS
Time find all Substrings: 1895.632000
DATA, 2, (null), 1895.754000, 10000, 4
Read in 4 lines averaging 966.5 chars/line
Time to read full file to Memory: 0.139000
0-1: lines submitted to LCS
1-2: lines submitted to LCS
2-3: lines submitted to LCS
Time find all Substrings: 579.952000
DATA, 2, (null), 580.093000, 10000, 4
Read in 4 lines averaging 966.5 chars/line
Time to read full file to Memory: 0.141000
0-1: lines submitted to LCS
1-2: lines submitted to LCS
2-3: lines submitted to LCS
Time find all Substrings: 672.589000
DATA, 2, (null), 672.731000, 10000, 4
Read in 4 lines averaging 966.5 chars/line
Time to read full file to Memory: 0.164000
0-1: lines submitted to LCS
1-2: lines submitted to LCS
2-3: lines submitted to LCS
Time find all Substrings: 382.874000
DATA, 2, (null), 383.039000, 10000, 4
Read in 4 lines averaging 966.5 chars/line
Time to read full file to Memory: 0.129000
0-1: lines submitted to LCS
1-2: lines submitted to LCS
2-3: lines submitted to LCS
Time find all Substrings: 328.479000
DATA, 2, (null), 328.609000, 10000, 4
Read in 4 lines averaging 966.5 chars/line
Time to read full file to Memory: 0.126000
0-1: lines submitted to LCS
1-2: lines submitted to LCS
2-3: lines submitted to LCS
Time find all Substrings: 1636.545000
DATA, 2, (null), 1636.672000, 10000, 4
Read in 4 lines averaging 966.5 chars/line
Time to read full file to Memory: 0.142000
0-1: lines submitted to LCS
1-2: lines submitted to LCS
2-3: lines submitted to LCS
Time find all Substrings: 317.636000
DATA, 2, (null), 317.779000, 10000, 4
Read in 4 lines averaging 966.5 chars/line
Time to read full file to Memory: 0.121000
0-1: lines submitted to LCS
1-2: lines submitted to LCS
2-3: lines submitted to LCS
Time find all Substrings: 2268.654000
DATA, 2, (null), 2268.776000, 10000, 4
Read in 4 lines averaging 966.5 chars/line
Time to read full file to Memory: 0.134000
0-1: lines submitted to LCS
1-2: lines submitted to LCS
2-3: lines submitted to LCS
Time find all Substrings: 306.093000
DATA, 2, (null), 306.228000, 10000, 4
