Read in 8 lines averaging 1483.2 chars/line
Time to read full file to Memory: 0.314000
0-1: lines submitted to LCS
1-2: lines submitted to LCS
2-3: lines submitted to LCS
3-4: lines submitted to LCS
4-5: lines submitted to LCS
5-6: lines submitted to LCS
6-7: lines submitted to LCS
Time find all Substrings: 2464.625000
DATA, 2, (null), 2464.941000, 10000, 8
Read in 8 lines averaging 1483.2 chars/line
Time to read full file to Memory: 0.315000
0-1: lines submitted to LCS
1-2: lines submitted to LCS
2-3: lines submitted to LCS
3-4: lines submitted to LCS
4-5: lines submitted to LCS
5-6: lines submitted to LCS
6-7: lines submitted to LCS
Time find all Substrings: 832.120000
DATA, 2, (null), 832.437000, 10000, 8
Read in 8 lines averaging 1483.2 chars/line
Time to read full file to Memory: 0.333000
0-1: lines submitted to LCS
1-2: lines submitted to LCS
2-3: lines submitted to LCS
3-4: lines submitted to LCS
4-5: lines submitted to LCS
5-6: lines submitted to LCS
6-7: lines submitted to LCS
Time find all Substrings: 2183.136000
DATA, 2, (null), 2183.472000, 10000, 8
Read in 8 lines averaging 1483.2 chars/line
Time to read full file to Memory: 0.321000
0-1: lines submitted to LCS
1-2: lines submitted to LCS
2-3: lines submitted to LCS
3-4: lines submitted to LCS
4-5: lines submitted to LCS
5-6: lines submitted to LCS
6-7: lines submitted to LCS
Time find all Substrings: 2592.953000
DATA, 2, (null), 2593.276000, 10000, 8
Read in 8 lines averaging 1483.2 chars/line
Time to read full file to Memory: 0.324000
0-1: lines submitted to LCS
1-2: lines submitted to LCS
2-3: lines submitted to LCS
3-4: lines submitted to LCS
4-5: lines submitted to LCS
5-6: lines submitted to LCS
6-7: lines submitted to LCS
Time find all Substrings: 1046.611000
DATA, 2, (null), 1046.937000, 10000, 8
Read in 8 lines averaging 1483.2 chars/line
Time to read full file to Memory: 0.302000
0-1: lines submitted to LCS
1-2: lines submitted to LCS
2-3: lines submitted to LCS
3-4: lines submitted to LCS
4-5: lines submitted to LCS
5-6: lines submitted to LCS
6-7: lines submitted to LCS
Time find all Substrings: 3842.005000
DATA, 2, (null), 3842.309000, 10000, 8
Read in 8 lines averaging 1483.2 chars/line
Time to read full file to Memory: 0.334000
0-1: lines submitted to LCS
1-2: lines submitted to LCS
2-3: lines submitted to LCS
3-4: lines submitted to LCS
4-5: lines submitted to LCS
5-6: lines submitted to LCS
6-7: lines submitted to LCS
Time find all Substrings: 720.100000
DATA, 2, (null), 720.437000, 10000, 8
Read in 8 lines averaging 1483.2 chars/line
Time to read full file to Memory: 0.325000
0-1: lines submitted to LCS
1-2: lines submitted to LCS
2-3: lines submitted to LCS
3-4: lines submitted to LCS
4-5: lines submitted to LCS
5-6: lines submitted to LCS
6-7: lines submitted to LCS
Time find all Substrings: 1738.886000
DATA, 2, (null), 1739.213000, 10000, 8
Read in 8 lines averaging 1483.2 chars/line
Time to read full file to Memory: 0.320000
0-1: lines submitted to LCS
1-2: lines submitted to LCS
2-3: lines submitted to LCS
3-4: lines submitted to LCS
4-5: lines submitted to LCS
5-6: lines submitted to LCS
6-7: lines submitted to LCS
Time find all Substrings: 2199.005000
DATA, 2, (null), 2199.328000, 10000, 8
Read in 8 lines averaging 1483.2 chars/line
Time to read full file to Memory: 0.315000
0-1: lines submitted to LCS
1-2: lines submitted to LCS
2-3: lines submitted to LCS
3-4: lines submitted to LCS
4-5: lines submitted to LCS
5-6: lines submitted to LCS
6-7: lines submitted to LCS
Time find all Substrings: 802.455000
DATA, 2, (null), 802.772000, 10000, 8
