Read in 16 lines averaging 1536.7 chars/line
Time to read full file to Memory: 0.182000
0-1: lines submitted to LCS
1-2: lines submitted to LCS
2-3: lines submitted to LCS
3-4: lines submitted to LCS
4-5: lines submitted to LCS
5-6: lines submitted to LCS
6-7: lines submitted to LCS
7-8: lines submitted to LCS
8-9: lines submitted to LCS
9-10: lines submitted to LCS
10-11: lines submitted to LCS
11-12: lines submitted to LCS
12-13: lines submitted to LCS
13-14: lines submitted to LCS
14-15: lines submitted to LCS
Time find all Substrings: 229.229000
DATA, 2, (null), 229.413000, 1000, 16
Read in 16 lines averaging 1536.7 chars/line
Time to read full file to Memory: 0.178000
0-1: lines submitted to LCS
1-2: lines submitted to LCS
2-3: lines submitted to LCS
3-4: lines submitted to LCS
4-5: lines submitted to LCS
5-6: lines submitted to LCS
6-7: lines submitted to LCS
7-8: lines submitted to LCS
8-9: lines submitted to LCS
9-10: lines submitted to LCS
10-11: lines submitted to LCS
11-12: lines submitted to LCS
12-13: lines submitted to LCS
13-14: lines submitted to LCS
14-15: lines submitted to LCS
Time find all Substrings: 196.748000
DATA, 2, (null), 196.927000, 1000, 16
Read in 16 lines averaging 1536.7 chars/line
Time to read full file to Memory: 0.173000
0-1: lines submitted to LCS
1-2: lines submitted to LCS
2-3: lines submitted to LCS
3-4: lines submitted to LCS
4-5: lines submitted to LCS
5-6: lines submitted to LCS
6-7: lines submitted to LCS
7-8: lines submitted to LCS
8-9: lines submitted to LCS
9-10: lines submitted to LCS
10-11: lines submitted to LCS
11-12: lines submitted to LCS
12-13: lines submitted to LCS
13-14: lines submitted to LCS
14-15: lines submitted to LCS
Time find all Substrings: 1820.377000
DATA, 2, (null), 1820.551000, 1000, 16
Read in 16 lines averaging 1536.7 chars/line
Time to read full file to Memory: 0.238000
0-1: lines submitted to LCS
1-2: lines submitted to LCS
2-3: lines submitted to LCS
3-4: lines submitted to LCS
4-5: lines submitted to LCS
5-6: lines submitted to LCS
6-7: lines submitted to LCS
7-8: lines submitted to LCS
8-9: lines submitted to LCS
9-10: lines submitted to LCS
10-11: lines submitted to LCS
11-12: lines submitted to LCS
12-13: lines submitted to LCS
13-14: lines submitted to LCS
14-15: lines submitted to LCS
Time find all Substrings: 582.875000
DATA, 2, (null), 583.114000, 1000, 16
Read in 16 lines averaging 1536.7 chars/line
Time to read full file to Memory: 0.251000
0-1: lines submitted to LCS
1-2: lines submitted to LCS
2-3: lines submitted to LCS
3-4: lines submitted to LCS
4-5: lines submitted to LCS
5-6: lines submitted to LCS
6-7: lines submitted to LCS
7-8: lines submitted to LCS
8-9: lines submitted to LCS
9-10: lines submitted to LCS
10-11: lines submitted to LCS
11-12: lines submitted to LCS
12-13: lines submitted to LCS
13-14: lines submitted to LCS
14-15: lines submitted to LCS
Time find all Substrings: 296.740000
DATA, 2, (null), 296.992000, 1000, 16
Read in 16 lines averaging 1536.7 chars/line
Time to read full file to Memory: 0.228000
0-1: lines submitted to LCS
1-2: lines submitted to LCS
2-3: lines submitted to LCS
3-4: lines submitted to LCS
4-5: lines submitted to LCS
5-6: lines submitted to LCS
6-7: lines submitted to LCS
7-8: lines submitted to LCS
8-9: lines submitted to LCS
9-10: lines submitted to LCS
10-11: lines submitted to LCS
11-12: lines submitted to LCS
12-13: lines submitted to LCS
13-14: lines submitted to LCS
14-15: lines submitted to LCS
Time find all Substrings: 535.721000
DATA, 2, (null), 535.949000, 1000, 16
Read in 16 lines averaging 1536.7 chars/line
Time to read full file to Memory: 0.216000
0-1: lines submitted to LCS
1-2: lines submitted to LCS
2-3: lines submitted to LCS
3-4: lines submitted to LCS
4-5: lines submitted to LCS
5-6: lines submitted to LCS
6-7: lines submitted to LCS
7-8: lines submitted to LCS
8-9: lines submitted to LCS
9-10: lines submitted to LCS
10-11: lines submitted to LCS
11-12: lines submitted to LCS
12-13: lines submitted to LCS
13-14: lines submitted to LCS
14-15: lines submitted to LCS
Time find all Substrings: 493.064000
DATA, 2, (null), 493.281000, 1000, 16
Read in 16 lines averaging 1536.7 chars/line
Time to read full file to Memory: 0.208000
0-1: lines submitted to LCS
1-2: lines submitted to LCS
2-3: lines submitted to LCS
3-4: lines submitted to LCS
4-5: lines submitted to LCS
5-6: lines submitted to LCS
6-7: lines submitted to LCS
7-8: lines submitted to LCS
8-9: lines submitted to LCS
9-10: lines submitted to LCS
10-11: lines submitted to LCS
11-12: lines submitted to LCS
12-13: lines submitted to LCS
13-14: lines submitted to LCS
14-15: lines submitted to LCS
Time find all Substrings: 1690.680000
DATA, 2, (null), 1690.889000, 1000, 16
