Read in 2 lines averaging 420.0 chars/line
Time to read full file to Memory: 0.134000
0-1: lines submitted to LCS
Time find all Substrings: 272.498000
DATA, 2, (null), 272.634000, 10000, 2
Read in 2 lines averaging 420.0 chars/line
Time to read full file to Memory: 0.127000
0-1: lines submitted to LCS
Time find all Substrings: 1540.346000
DATA, 2, (null), 1540.475000, 10000, 2
Read in 2 lines averaging 420.0 chars/line
Time to read full file to Memory: 0.119000
0-1: lines submitted to LCS
Time find all Substrings: 787.169000
DATA, 2, (null), 787.289000, 10000, 2
Read in 2 lines averaging 420.0 chars/line
Time to read full file to Memory: 0.137000
0-1: lines submitted to LCS
Time find all Substrings: 320.328000
DATA, 2, (null), 320.466000, 10000, 2
Read in 2 lines averaging 420.0 chars/line
Time to read full file to Memory: 0.136000
0-1: lines submitted to LCS
Time find all Substrings: 543.615000
DATA, 2, (null), 543.753000, 10000, 2
Read in 2 lines averaging 420.0 chars/line
Time to read full file to Memory: 0.127000
0-1: lines submitted to LCS
Time find all Substrings: 339.511000
DATA, 2, (null), 339.639000, 10000, 2
Read in 2 lines averaging 420.0 chars/line
Time to read full file to Memory: 0.124000
0-1: lines submitted to LCS
Time find all Substrings: 312.508000
DATA, 2, (null), 312.633000, 10000, 2
Read in 2 lines averaging 420.0 chars/line
Time to read full file to Memory: 0.128000
0-1: lines submitted to LCS
Time find all Substrings: 1516.907000
DATA, 2, (null), 1517.036000, 10000, 2
Read in 2 lines averaging 420.0 chars/line
Time to read full file to Memory: 0.135000
0-1: lines submitted to LCS
Time find all Substrings: 271.389000
DATA, 2, (null), 271.525000, 10000, 2
Read in 2 lines averaging 420.0 chars/line
Time to read full file to Memory: 0.124000
0-1: lines submitted to LCS
Time find all Substrings: 277.881000
DATA, 2, (null), 278.006000, 10000, 2
