Read in 32 lines averaging 1296.5 chars/line
Time to read full file to Memory: 0.359000
0-1: lines submitted to LCS
1-2: lines submitted to LCS
2-3: lines submitted to LCS
3-4: lines submitted to LCS
4-5: lines submitted to LCS
5-6: lines submitted to LCS
6-7: lines submitted to LCS
7-8: lines submitted to LCS
8-9: lines submitted to LCS
9-10: lines submitted to LCS
10-11: lines submitted to LCS
11-12: lines submitted to LCS
12-13: lines submitted to LCS
13-14: lines submitted to LCS
14-15: lines submitted to LCS
15-16: lines submitted to LCS
16-17: lines submitted to LCS
17-18: lines submitted to LCS
18-19: lines submitted to LCS
19-20: lines submitted to LCS
20-21: lines submitted to LCS
21-22: lines submitted to LCS
22-23: lines submitted to LCS
23-24: lines submitted to LCS
24-25: lines submitted to LCS
25-26: lines submitted to LCS
26-27: lines submitted to LCS
27-28: lines submitted to LCS
28-29: lines submitted to LCS
29-30: lines submitted to LCS
30-31: lines submitted to LCS
Time find all Substrings: 408.754000
DATA, 2, (null), 409.114000, 1000, 32
Read in 32 lines averaging 1296.5 chars/line
Time to read full file to Memory: 0.328000
0-1: lines submitted to LCS
1-2: lines submitted to LCS
2-3: lines submitted to LCS
3-4: lines submitted to LCS
4-5: lines submitted to LCS
5-6: lines submitted to LCS
6-7: lines submitted to LCS
7-8: lines submitted to LCS
8-9: lines submitted to LCS
9-10: lines submitted to LCS
10-11: lines submitted to LCS
11-12: lines submitted to LCS
12-13: lines submitted to LCS
13-14: lines submitted to LCS
14-15: lines submitted to LCS
15-16: lines submitted to LCS
16-17: lines submitted to LCS
17-18: lines submitted to LCS
18-19: lines submitted to LCS
19-20: lines submitted to LCS
20-21: lines submitted to LCS
21-22: lines submitted to LCS
22-23: lines submitted to LCS
23-24: lines submitted to LCS
24-25: lines submitted to LCS
25-26: lines submitted to LCS
26-27: lines submitted to LCS
27-28: lines submitted to LCS
28-29: lines submitted to LCS
29-30: lines submitted to LCS
30-31: lines submitted to LCS
Time find all Substrings: 482.372000
DATA, 2, (null), 482.701000, 1000, 32
Read in 32 lines averaging 1296.5 chars/line
Time to read full file to Memory: 0.326000
0-1: lines submitted to LCS
1-2: lines submitted to LCS
2-3: lines submitted to LCS
3-4: lines submitted to LCS
4-5: lines submitted to LCS
5-6: lines submitted to LCS
6-7: lines submitted to LCS
7-8: lines submitted to LCS
8-9: lines submitted to LCS
9-10: lines submitted to LCS
10-11: lines submitted to LCS
11-12: lines submitted to LCS
12-13: lines submitted to LCS
13-14: lines submitted to LCS
14-15: lines submitted to LCS
15-16: lines submitted to LCS
16-17: lines submitted to LCS
17-18: lines submitted to LCS
18-19: lines submitted to LCS
19-20: lines submitted to LCS
20-21: lines submitted to LCS
21-22: lines submitted to LCS
22-23: lines submitted to LCS
23-24: lines submitted to LCS
24-25: lines submitted to LCS
25-26: lines submitted to LCS
26-27: lines submitted to LCS
27-28: lines submitted to LCS
28-29: lines submitted to LCS
29-30: lines submitted to LCS
30-31: lines submitted to LCS
Time find all Substrings: 379.481000
DATA, 2, (null), 379.809000, 1000, 32
Read in 32 lines averaging 1296.5 chars/line
Time to read full file to Memory: 0.319000
0-1: lines submitted to LCS
1-2: lines submitted to LCS
2-3: lines submitted to LCS
3-4: lines submitted to LCS
4-5: lines submitted to LCS
5-6: lines submitted to LCS
6-7: lines submitted to LCS
7-8: lines submitted to LCS
8-9: lines submitted to LCS
9-10: lines submitted to LCS
10-11: lines submitted to LCS
11-12: lines submitted to LCS
12-13: lines submitted to LCS
13-14: lines submitted to LCS
14-15: lines submitted to LCS
15-16: lines submitted to LCS
16-17: lines submitted to LCS
17-18: lines submitted to LCS
18-19: lines submitted to LCS
19-20: lines submitted to LCS
20-21: lines submitted to LCS
21-22: lines submitted to LCS
22-23: lines submitted to LCS
23-24: lines submitted to LCS
24-25: lines submitted to LCS
25-26: lines submitted to LCS
26-27: lines submitted to LCS
27-28: lines submitted to LCS
28-29: lines submitted to LCS
29-30: lines submitted to LCS
30-31: lines submitted to LCS
Time find all Substrings: 403.001000
DATA, 2, (null), 403.322000, 1000, 32
Read in 32 lines averaging 1296.5 chars/line
Time to read full file to Memory: 0.349000
0-1: lines submitted to LCS
1-2: lines submitted to LCS
2-3: lines submitted to LCS
3-4: lines submitted to LCS
4-5: lines submitted to LCS
5-6: lines submitted to LCS
6-7: lines submitted to LCS
7-8: lines submitted to LCS
8-9: lines submitted to LCS
9-10: lines submitted to LCS
10-11: lines submitted to LCS
11-12: lines submitted to LCS
12-13: lines submitted to LCS
13-14: lines submitted to LCS
14-15: lines submitted to LCS
15-16: lines submitted to LCS
16-17: lines submitted to LCS
17-18: lines submitted to LCS
18-19: lines submitted to LCS
19-20: lines submitted to LCS
20-21: lines submitted to LCS
21-22: lines submitted to LCS
22-23: lines submitted to LCS
23-24: lines submitted to LCS
24-25: lines submitted to LCS
25-26: lines submitted to LCS
26-27: lines submitted to LCS
27-28: lines submitted to LCS
28-29: lines submitted to LCS
29-30: lines submitted to LCS
30-31: lines submitted to LCS
Time find all Substrings: 376.953000
DATA, 2, (null), 377.303000, 1000, 32
Read in 32 lines averaging 1296.5 chars/line
Time to read full file to Memory: 0.323000
0-1: lines submitted to LCS
1-2: lines submitted to LCS
2-3: lines submitted to LCS
3-4: lines submitted to LCS
4-5: lines submitted to LCS
5-6: lines submitted to LCS
6-7: lines submitted to LCS
7-8: lines submitted to LCS
8-9: lines submitted to LCS
9-10: lines submitted to LCS
10-11: lines submitted to LCS
11-12: lines submitted to LCS
12-13: lines submitted to LCS
13-14: lines submitted to LCS
14-15: lines submitted to LCS
15-16: lines submitted to LCS
16-17: lines submitted to LCS
17-18: lines submitted to LCS
18-19: lines submitted to LCS
19-20: lines submitted to LCS
20-21: lines submitted to LCS
21-22: lines submitted to LCS
22-23: lines submitted to LCS
23-24: lines submitted to LCS
24-25: lines submitted to LCS
25-26: lines submitted to LCS
26-27: lines submitted to LCS
27-28: lines submitted to LCS
28-29: lines submitted to LCS
29-30: lines submitted to LCS
30-31: lines submitted to LCS
Time find all Substrings: 408.398000
DATA, 2, (null), 408.722000, 1000, 32
Read in 32 lines averaging 1296.5 chars/line
Time to read full file to Memory: 0.320000
0-1: lines submitted to LCS
1-2: lines submitted to LCS
2-3: lines submitted to LCS
3-4: lines submitted to LCS
4-5: lines submitted to LCS
5-6: lines submitted to LCS
6-7: lines submitted to LCS
7-8: lines submitted to LCS
8-9: lines submitted to LCS
9-10: lines submitted to LCS
10-11: lines submitted to LCS
11-12: lines submitted to LCS
12-13: lines submitted to LCS
13-14: lines submitted to LCS
14-15: lines submitted to LCS
15-16: lines submitted to LCS
16-17: lines submitted to LCS
17-18: lines submitted to LCS
18-19: lines submitted to LCS
19-20: lines submitted to LCS
20-21: lines submitted to LCS
21-22: lines submitted to LCS
22-23: lines submitted to LCS
23-24: lines submitted to LCS
24-25: lines submitted to LCS
25-26: lines submitted to LCS
26-27: lines submitted to LCS
27-28: lines submitted to LCS
28-29: lines submitted to LCS
29-30: lines submitted to LCS
30-31: lines submitted to LCS
Time find all Substrings: 409.686000
DATA, 2, (null), 410.007000, 1000, 32
Read in 32 lines averaging 1296.5 chars/line
Time to read full file to Memory: 0.330000
0-1: lines submitted to LCS
1-2: lines submitted to LCS
2-3: lines submitted to LCS
3-4: lines submitted to LCS
4-5: lines submitted to LCS
5-6: lines submitted to LCS
6-7: lines submitted to LCS
7-8: lines submitted to LCS
8-9: lines submitted to LCS
9-10: lines submitted to LCS
10-11: lines submitted to LCS
11-12: lines submitted to LCS
12-13: lines submitted to LCS
13-14: lines submitted to LCS
14-15: lines submitted to LCS
15-16: lines submitted to LCS
16-17: lines submitted to LCS
17-18: lines submitted to LCS
18-19: lines submitted to LCS
19-20: lines submitted to LCS
20-21: lines submitted to LCS
21-22: lines submitted to LCS
22-23: lines submitted to LCS
23-24: lines submitted to LCS
24-25: lines submitted to LCS
25-26: lines submitted to LCS
26-27: lines submitted to LCS
27-28: lines submitted to LCS
28-29: lines submitted to LCS
29-30: lines submitted to LCS
30-31: lines submitted to LCS
Time find all Substrings: 409.454000
DATA, 2, (null), 409.785000, 1000, 32
Read in 32 lines averaging 1296.5 chars/line
Time to read full file to Memory: 0.313000
0-1: lines submitted to LCS
1-2: lines submitted to LCS
2-3: lines submitted to LCS
3-4: lines submitted to LCS
4-5: lines submitted to LCS
5-6: lines submitted to LCS
6-7: lines submitted to LCS
7-8: lines submitted to LCS
8-9: lines submitted to LCS
9-10: lines submitted to LCS
10-11: lines submitted to LCS
11-12: lines submitted to LCS
12-13: lines submitted to LCS
13-14: lines submitted to LCS
14-15: lines submitted to LCS
15-16: lines submitted to LCS
16-17: lines submitted to LCS
17-18: lines submitted to LCS
18-19: lines submitted to LCS
19-20: lines submitted to LCS
20-21: lines submitted to LCS
21-22: lines submitted to LCS
22-23: lines submitted to LCS
23-24: lines submitted to LCS
24-25: lines submitted to LCS
25-26: lines submitted to LCS
26-27: lines submitted to LCS
27-28: lines submitted to LCS
28-29: lines submitted to LCS
29-30: lines submitted to LCS
30-31: lines submitted to LCS
Time find all Substrings: 406.398000
DATA, 2, (null), 406.713000, 1000, 32
Read in 32 lines averaging 1296.5 chars/line
Time to read full file to Memory: 0.315000
0-1: lines submitted to LCS
1-2: lines submitted to LCS
2-3: lines submitted to LCS
3-4: lines submitted to LCS
4-5: lines submitted to LCS
5-6: lines submitted to LCS
6-7: lines submitted to LCS
7-8: lines submitted to LCS
8-9: lines submitted to LCS
9-10: lines submitted to LCS
10-11: lines submitted to LCS
11-12: lines submitted to LCS
12-13: lines submitted to LCS
13-14: lines submitted to LCS
14-15: lines submitted to LCS
15-16: lines submitted to LCS
16-17: lines submitted to LCS
17-18: lines submitted to LCS
18-19: lines submitted to LCS
19-20: lines submitted to LCS
20-21: lines submitted to LCS
21-22: lines submitted to LCS
22-23: lines submitted to LCS
23-24: lines submitted to LCS
24-25: lines submitted to LCS
25-26: lines submitted to LCS
26-27: lines submitted to LCS
27-28: lines submitted to LCS
28-29: lines submitted to LCS
29-30: lines submitted to LCS
30-31: lines submitted to LCS
Time find all Substrings: 413.184000
DATA, 2, (null), 413.501000, 1000, 32
