Read in 2 lines averaging 420.0 chars/line
Time to read full file to Memory: 0.249000
0-1: lines submitted to LCS
Time find all Substrings: 2114.462000
DATA, 2, (null), 2114.713000, 1000, 2
Read in 2 lines averaging 420.0 chars/line
Time to read full file to Memory: 0.230000
0-1: lines submitted to LCS
Time find all Substrings: 155.991000
DATA, 2, (null), 156.223000, 1000, 2
Read in 2 lines averaging 420.0 chars/line
Time to read full file to Memory: 0.221000
0-1: lines submitted to LCS
Time find all Substrings: 98.131000
DATA, 2, (null), 98.354000, 1000, 2
Read in 2 lines averaging 420.0 chars/line
Time to read full file to Memory: 0.246000
0-1: lines submitted to LCS
Time find all Substrings: 225.040000
DATA, 2, (null), 225.288000, 1000, 2
Read in 2 lines averaging 420.0 chars/line
Time to read full file to Memory: 0.216000
0-1: lines submitted to LCS
Time find all Substrings: 483.026000
DATA, 2, (null), 483.244000, 1000, 2
Read in 2 lines averaging 420.0 chars/line
Time to read full file to Memory: 0.228000
0-1: lines submitted to LCS
Time find all Substrings: 74.142000
DATA, 2, (null), 74.373000, 1000, 2
Read in 2 lines averaging 420.0 chars/line
Time to read full file to Memory: 0.218000
0-1: lines submitted to LCS
Time find all Substrings: 213.146000
DATA, 2, (null), 213.367000, 1000, 2
Read in 2 lines averaging 420.0 chars/line
Time to read full file to Memory: 0.214000
0-1: lines submitted to LCS
Time find all Substrings: 241.099000
DATA, 2, (null), 241.315000, 1000, 2
Read in 2 lines averaging 420.0 chars/line
Time to read full file to Memory: 0.240000
0-1: lines submitted to LCS
Time find all Substrings: 152.283000
DATA, 2, (null), 152.525000, 1000, 2
Read in 2 lines averaging 420.0 chars/line
Time to read full file to Memory: 0.232000
0-1: lines submitted to LCS
Time find all Substrings: 1461.614000
DATA, 2, (null), 1461.849000, 1000, 2
