Read in 32 lines averaging 1296.5 chars/line
Time to read full file to Memory: 0.313000
0-1: lines submitted to LCS
1-2: lines submitted to LCS
2-3: lines submitted to LCS
3-4: lines submitted to LCS
4-5: lines submitted to LCS
5-6: lines submitted to LCS
6-7: lines submitted to LCS
7-8: lines submitted to LCS
8-9: lines submitted to LCS
9-10: lines submitted to LCS
10-11: lines submitted to LCS
11-12: lines submitted to LCS
12-13: lines submitted to LCS
13-14: lines submitted to LCS
14-15: lines submitted to LCS
15-16: lines submitted to LCS
16-17: lines submitted to LCS
17-18: lines submitted to LCS
18-19: lines submitted to LCS
19-20: lines submitted to LCS
20-21: lines submitted to LCS
21-22: lines submitted to LCS
22-23: lines submitted to LCS
23-24: lines submitted to LCS
24-25: lines submitted to LCS
25-26: lines submitted to LCS
26-27: lines submitted to LCS
27-28: lines submitted to LCS
28-29: lines submitted to LCS
29-30: lines submitted to LCS
30-31: lines submitted to LCS
Time find all Substrings: 853.575000
DATA, 2, (null), 853.889000, 10000, 32
Read in 32 lines averaging 1296.5 chars/line
Time to read full file to Memory: 0.344000
0-1: lines submitted to LCS
1-2: lines submitted to LCS
2-3: lines submitted to LCS
3-4: lines submitted to LCS
4-5: lines submitted to LCS
5-6: lines submitted to LCS
6-7: lines submitted to LCS
7-8: lines submitted to LCS
8-9: lines submitted to LCS
9-10: lines submitted to LCS
10-11: lines submitted to LCS
11-12: lines submitted to LCS
12-13: lines submitted to LCS
13-14: lines submitted to LCS
14-15: lines submitted to LCS
15-16: lines submitted to LCS
16-17: lines submitted to LCS
17-18: lines submitted to LCS
18-19: lines submitted to LCS
19-20: lines submitted to LCS
20-21: lines submitted to LCS
21-22: lines submitted to LCS
22-23: lines submitted to LCS
23-24: lines submitted to LCS
24-25: lines submitted to LCS
25-26: lines submitted to LCS
26-27: lines submitted to LCS
27-28: lines submitted to LCS
28-29: lines submitted to LCS
29-30: lines submitted to LCS
30-31: lines submitted to LCS
Time find all Substrings: 802.196000
DATA, 2, (null), 802.541000, 10000, 32
Read in 32 lines averaging 1296.5 chars/line
Time to read full file to Memory: 0.324000
0-1: lines submitted to LCS
1-2: lines submitted to LCS
2-3: lines submitted to LCS
3-4: lines submitted to LCS
4-5: lines submitted to LCS
5-6: lines submitted to LCS
6-7: lines submitted to LCS
7-8: lines submitted to LCS
8-9: lines submitted to LCS
9-10: lines submitted to LCS
10-11: lines submitted to LCS
11-12: lines submitted to LCS
12-13: lines submitted to LCS
13-14: lines submitted to LCS
14-15: lines submitted to LCS
15-16: lines submitted to LCS
16-17: lines submitted to LCS
17-18: lines submitted to LCS
18-19: lines submitted to LCS
19-20: lines submitted to LCS
20-21: lines submitted to LCS
21-22: lines submitted to LCS
22-23: lines submitted to LCS
23-24: lines submitted to LCS
24-25: lines submitted to LCS
25-26: lines submitted to LCS
26-27: lines submitted to LCS
27-28: lines submitted to LCS
28-29: lines submitted to LCS
29-30: lines submitted to LCS
30-31: lines submitted to LCS
Time find all Substrings: 793.053000
DATA, 2, (null), 793.378000, 10000, 32
Read in 32 lines averaging 1296.5 chars/line
Time to read full file to Memory: 0.326000
0-1: lines submitted to LCS
1-2: lines submitted to LCS
2-3: lines submitted to LCS
3-4: lines submitted to LCS
4-5: lines submitted to LCS
5-6: lines submitted to LCS
6-7: lines submitted to LCS
7-8: lines submitted to LCS
8-9: lines submitted to LCS
9-10: lines submitted to LCS
10-11: lines submitted to LCS
11-12: lines submitted to LCS
12-13: lines submitted to LCS
13-14: lines submitted to LCS
14-15: lines submitted to LCS
15-16: lines submitted to LCS
16-17: lines submitted to LCS
17-18: lines submitted to LCS
18-19: lines submitted to LCS
19-20: lines submitted to LCS
20-21: lines submitted to LCS
21-22: lines submitted to LCS
22-23: lines submitted to LCS
23-24: lines submitted to LCS
24-25: lines submitted to LCS
25-26: lines submitted to LCS
26-27: lines submitted to LCS
27-28: lines submitted to LCS
28-29: lines submitted to LCS
29-30: lines submitted to LCS
30-31: lines submitted to LCS
Time find all Substrings: 800.304000
DATA, 2, (null), 800.631000, 10000, 32
Read in 32 lines averaging 1296.5 chars/line
Time to read full file to Memory: 0.326000
0-1: lines submitted to LCS
1-2: lines submitted to LCS
2-3: lines submitted to LCS
3-4: lines submitted to LCS
4-5: lines submitted to LCS
5-6: lines submitted to LCS
6-7: lines submitted to LCS
7-8: lines submitted to LCS
8-9: lines submitted to LCS
9-10: lines submitted to LCS
10-11: lines submitted to LCS
11-12: lines submitted to LCS
12-13: lines submitted to LCS
13-14: lines submitted to LCS
14-15: lines submitted to LCS
15-16: lines submitted to LCS
16-17: lines submitted to LCS
17-18: lines submitted to LCS
18-19: lines submitted to LCS
19-20: lines submitted to LCS
20-21: lines submitted to LCS
21-22: lines submitted to LCS
22-23: lines submitted to LCS
23-24: lines submitted to LCS
24-25: lines submitted to LCS
25-26: lines submitted to LCS
26-27: lines submitted to LCS
27-28: lines submitted to LCS
28-29: lines submitted to LCS
29-30: lines submitted to LCS
30-31: lines submitted to LCS
Time find all Substrings: 795.150000
DATA, 2, (null), 795.478000, 10000, 32
Read in 32 lines averaging 1296.5 chars/line
Time to read full file to Memory: 0.327000
0-1: lines submitted to LCS
1-2: lines submitted to LCS
2-3: lines submitted to LCS
3-4: lines submitted to LCS
4-5: lines submitted to LCS
5-6: lines submitted to LCS
6-7: lines submitted to LCS
7-8: lines submitted to LCS
8-9: lines submitted to LCS
9-10: lines submitted to LCS
10-11: lines submitted to LCS
11-12: lines submitted to LCS
12-13: lines submitted to LCS
13-14: lines submitted to LCS
14-15: lines submitted to LCS
15-16: lines submitted to LCS
16-17: lines submitted to LCS
17-18: lines submitted to LCS
18-19: lines submitted to LCS
19-20: lines submitted to LCS
20-21: lines submitted to LCS
21-22: lines submitted to LCS
22-23: lines submitted to LCS
23-24: lines submitted to LCS
24-25: lines submitted to LCS
25-26: lines submitted to LCS
26-27: lines submitted to LCS
27-28: lines submitted to LCS
28-29: lines submitted to LCS
29-30: lines submitted to LCS
30-31: lines submitted to LCS
Time find all Substrings: 799.465000
DATA, 2, (null), 799.793000, 10000, 32
Read in 32 lines averaging 1296.5 chars/line
Time to read full file to Memory: 0.324000
0-1: lines submitted to LCS
1-2: lines submitted to LCS
2-3: lines submitted to LCS
3-4: lines submitted to LCS
4-5: lines submitted to LCS
5-6: lines submitted to LCS
6-7: lines submitted to LCS
7-8: lines submitted to LCS
8-9: lines submitted to LCS
9-10: lines submitted to LCS
10-11: lines submitted to LCS
11-12: lines submitted to LCS
12-13: lines submitted to LCS
13-14: lines submitted to LCS
14-15: lines submitted to LCS
15-16: lines submitted to LCS
16-17: lines submitted to LCS
17-18: lines submitted to LCS
18-19: lines submitted to LCS
19-20: lines submitted to LCS
20-21: lines submitted to LCS
21-22: lines submitted to LCS
22-23: lines submitted to LCS
23-24: lines submitted to LCS
24-25: lines submitted to LCS
25-26: lines submitted to LCS
26-27: lines submitted to LCS
27-28: lines submitted to LCS
28-29: lines submitted to LCS
29-30: lines submitted to LCS
30-31: lines submitted to LCS
Time find all Substrings: 791.995000
DATA, 2, (null), 792.321000, 10000, 32
Read in 32 lines averaging 1296.5 chars/line
Time to read full file to Memory: 0.329000
0-1: lines submitted to LCS
1-2: lines submitted to LCS
2-3: lines submitted to LCS
3-4: lines submitted to LCS
4-5: lines submitted to LCS
5-6: lines submitted to LCS
6-7: lines submitted to LCS
7-8: lines submitted to LCS
8-9: lines submitted to LCS
9-10: lines submitted to LCS
10-11: lines submitted to LCS
11-12: lines submitted to LCS
12-13: lines submitted to LCS
13-14: lines submitted to LCS
14-15: lines submitted to LCS
15-16: lines submitted to LCS
16-17: lines submitted to LCS
17-18: lines submitted to LCS
18-19: lines submitted to LCS
19-20: lines submitted to LCS
20-21: lines submitted to LCS
21-22: lines submitted to LCS
22-23: lines submitted to LCS
23-24: lines submitted to LCS
24-25: lines submitted to LCS
25-26: lines submitted to LCS
26-27: lines submitted to LCS
27-28: lines submitted to LCS
28-29: lines submitted to LCS
29-30: lines submitted to LCS
30-31: lines submitted to LCS
Time find all Substrings: 793.222000
DATA, 2, (null), 793.552000, 10000, 32
Read in 32 lines averaging 1296.5 chars/line
Time to read full file to Memory: 0.324000
0-1: lines submitted to LCS
1-2: lines submitted to LCS
2-3: lines submitted to LCS
3-4: lines submitted to LCS
4-5: lines submitted to LCS
5-6: lines submitted to LCS
6-7: lines submitted to LCS
7-8: lines submitted to LCS
8-9: lines submitted to LCS
9-10: lines submitted to LCS
10-11: lines submitted to LCS
11-12: lines submitted to LCS
12-13: lines submitted to LCS
13-14: lines submitted to LCS
14-15: lines submitted to LCS
15-16: lines submitted to LCS
16-17: lines submitted to LCS
17-18: lines submitted to LCS
18-19: lines submitted to LCS
19-20: lines submitted to LCS
20-21: lines submitted to LCS
21-22: lines submitted to LCS
22-23: lines submitted to LCS
23-24: lines submitted to LCS
24-25: lines submitted to LCS
25-26: lines submitted to LCS
26-27: lines submitted to LCS
27-28: lines submitted to LCS
28-29: lines submitted to LCS
29-30: lines submitted to LCS
30-31: lines submitted to LCS
Time find all Substrings: 792.183000
DATA, 2, (null), 792.508000, 10000, 32
Read in 32 lines averaging 1296.5 chars/line
Time to read full file to Memory: 0.329000
0-1: lines submitted to LCS
1-2: lines submitted to LCS
2-3: lines submitted to LCS
3-4: lines submitted to LCS
4-5: lines submitted to LCS
5-6: lines submitted to LCS
6-7: lines submitted to LCS
7-8: lines submitted to LCS
8-9: lines submitted to LCS
9-10: lines submitted to LCS
10-11: lines submitted to LCS
11-12: lines submitted to LCS
12-13: lines submitted to LCS
13-14: lines submitted to LCS
14-15: lines submitted to LCS
15-16: lines submitted to LCS
16-17: lines submitted to LCS
17-18: lines submitted to LCS
18-19: lines submitted to LCS
19-20: lines submitted to LCS
20-21: lines submitted to LCS
21-22: lines submitted to LCS
22-23: lines submitted to LCS
23-24: lines submitted to LCS
24-25: lines submitted to LCS
25-26: lines submitted to LCS
26-27: lines submitted to LCS
27-28: lines submitted to LCS
28-29: lines submitted to LCS
29-30: lines submitted to LCS
30-31: lines submitted to LCS
Time find all Substrings: 796.260000
DATA, 2, (null), 796.590000, 10000, 32
