Read in 16 lines averaging 1536.7 chars/line
Time to read full file to Memory: 0.199000
0-1: lines submitted to LCS
1-2: lines submitted to LCS
2-3: lines submitted to LCS
3-4: lines submitted to LCS
4-5: lines submitted to LCS
5-6: lines submitted to LCS
6-7: lines submitted to LCS
7-8: lines submitted to LCS
8-9: lines submitted to LCS
9-10: lines submitted to LCS
10-11: lines submitted to LCS
11-12: lines submitted to LCS
12-13: lines submitted to LCS
13-14: lines submitted to LCS
14-15: lines submitted to LCS
Time find all Substrings: 483.473000
DATA, 2, (null), 483.673000, 10000, 16
Read in 16 lines averaging 1536.7 chars/line
Time to read full file to Memory: 0.206000
0-1: lines submitted to LCS
1-2: lines submitted to LCS
2-3: lines submitted to LCS
3-4: lines submitted to LCS
4-5: lines submitted to LCS
5-6: lines submitted to LCS
6-7: lines submitted to LCS
7-8: lines submitted to LCS
8-9: lines submitted to LCS
9-10: lines submitted to LCS
10-11: lines submitted to LCS
11-12: lines submitted to LCS
12-13: lines submitted to LCS
13-14: lines submitted to LCS
14-15: lines submitted to LCS
Time find all Substrings: 2352.787000
DATA, 2, (null), 2352.994000, 10000, 16
Read in 16 lines averaging 1536.7 chars/line
Time to read full file to Memory: 0.275000
0-1: lines submitted to LCS
1-2: lines submitted to LCS
2-3: lines submitted to LCS
3-4: lines submitted to LCS
4-5: lines submitted to LCS
5-6: lines submitted to LCS
6-7: lines submitted to LCS
7-8: lines submitted to LCS
8-9: lines submitted to LCS
9-10: lines submitted to LCS
10-11: lines submitted to LCS
11-12: lines submitted to LCS
12-13: lines submitted to LCS
13-14: lines submitted to LCS
14-15: lines submitted to LCS
Time find all Substrings: 829.320000
DATA, 2, (null), 829.596000, 10000, 16
Read in 16 lines averaging 1536.7 chars/line
Time to read full file to Memory: 0.280000
0-1: lines submitted to LCS
1-2: lines submitted to LCS
2-3: lines submitted to LCS
3-4: lines submitted to LCS
4-5: lines submitted to LCS
5-6: lines submitted to LCS
6-7: lines submitted to LCS
7-8: lines submitted to LCS
8-9: lines submitted to LCS
9-10: lines submitted to LCS
10-11: lines submitted to LCS
11-12: lines submitted to LCS
12-13: lines submitted to LCS
13-14: lines submitted to LCS
14-15: lines submitted to LCS
Time find all Substrings: 529.515000
DATA, 2, (null), 529.796000, 10000, 16
Read in 16 lines averaging 1536.7 chars/line
Time to read full file to Memory: 0.202000
0-1: lines submitted to LCS
1-2: lines submitted to LCS
2-3: lines submitted to LCS
3-4: lines submitted to LCS
4-5: lines submitted to LCS
5-6: lines submitted to LCS
6-7: lines submitted to LCS
7-8: lines submitted to LCS
8-9: lines submitted to LCS
9-10: lines submitted to LCS
10-11: lines submitted to LCS
11-12: lines submitted to LCS
12-13: lines submitted to LCS
13-14: lines submitted to LCS
14-15: lines submitted to LCS
Time find all Substrings: 1653.967000
DATA, 2, (null), 1654.170000, 10000, 16
Read in 16 lines averaging 1536.7 chars/line
Time to read full file to Memory: 0.229000
0-1: lines submitted to LCS
1-2: lines submitted to LCS
2-3: lines submitted to LCS
3-4: lines submitted to LCS
4-5: lines submitted to LCS
5-6: lines submitted to LCS
6-7: lines submitted to LCS
7-8: lines submitted to LCS
8-9: lines submitted to LCS
9-10: lines submitted to LCS
10-11: lines submitted to LCS
11-12: lines submitted to LCS
12-13: lines submitted to LCS
13-14: lines submitted to LCS
14-15: lines submitted to LCS
Time find all Substrings: 542.089000
DATA, 2, (null), 542.319000, 10000, 16
Read in 16 lines averaging 1536.7 chars/line
Time to read full file to Memory: 0.203000
0-1: lines submitted to LCS
1-2: lines submitted to LCS
2-3: lines submitted to LCS
3-4: lines submitted to LCS
4-5: lines submitted to LCS
5-6: lines submitted to LCS
6-7: lines submitted to LCS
7-8: lines submitted to LCS
8-9: lines submitted to LCS
9-10: lines submitted to LCS
10-11: lines submitted to LCS
11-12: lines submitted to LCS
12-13: lines submitted to LCS
13-14: lines submitted to LCS
14-15: lines submitted to LCS
Time find all Substrings: 2048.979000
DATA, 2, (null), 2049.183000, 10000, 16
Read in 16 lines averaging 1536.7 chars/line
Time to read full file to Memory: 0.230000
0-1: lines submitted to LCS
1-2: lines submitted to LCS
2-3: lines submitted to LCS
3-4: lines submitted to LCS
4-5: lines submitted to LCS
5-6: lines submitted to LCS
6-7: lines submitted to LCS
7-8: lines submitted to LCS
8-9: lines submitted to LCS
9-10: lines submitted to LCS
10-11: lines submitted to LCS
11-12: lines submitted to LCS
12-13: lines submitted to LCS
13-14: lines submitted to LCS
14-15: lines submitted to LCS
Time find all Substrings: 824.988000
DATA, 2, (null), 825.219000, 10000, 16
Read in 16 lines averaging 1536.7 chars/line
Time to read full file to Memory: 0.242000
0-1: lines submitted to LCS
1-2: lines submitted to LCS
2-3: lines submitted to LCS
3-4: lines submitted to LCS
4-5: lines submitted to LCS
5-6: lines submitted to LCS
6-7: lines submitted to LCS
7-8: lines submitted to LCS
8-9: lines submitted to LCS
9-10: lines submitted to LCS
10-11: lines submitted to LCS
11-12: lines submitted to LCS
12-13: lines submitted to LCS
13-14: lines submitted to LCS
14-15: lines submitted to LCS
Time find all Substrings: 1832.369000
DATA, 2, (null), 1832.612000, 10000, 16
Read in 16 lines averaging 1536.7 chars/line
Time to read full file to Memory: 0.274000
0-1: lines submitted to LCS
1-2: lines submitted to LCS
2-3: lines submitted to LCS
3-4: lines submitted to LCS
4-5: lines submitted to LCS
5-6: lines submitted to LCS
6-7: lines submitted to LCS
7-8: lines submitted to LCS
8-9: lines submitted to LCS
9-10: lines submitted to LCS
10-11: lines submitted to LCS
11-12: lines submitted to LCS
12-13: lines submitted to LCS
13-14: lines submitted to LCS
14-15: lines submitted to LCS
Time find all Substrings: 2393.039000
DATA, 2, (null), 2393.314000, 10000, 16
